<?xml version="1.0" encoding="UTF-8"?>
<!-- Generated by org.testng.reporters.JUnitXMLReporter -->
<testsuite ignored="0" hostname="LAPTOP-I7B9QOJ6" failures="1" tests="2" name="FirebaseLoginTest" time="35.458" errors="0" timestamp="2024-11-04T22:10:45 GMT-05:00">
  <testcase classname="com.automation.tests.AutomationScripts" name="invalid_password_login" time="1.421"/>
  <testcase classname="com.automation.tests.AutomationScripts" name="valid_login" time="0.858">
    <failure type="java.lang.AssertionError" message="expected [Student Registration Form] but found [Student registration form text]">
      <![CDATA[java.lang.AssertionError: expected [Student Registration Form] but found [Student registration form text]
at com.automation.tests.AutomationScripts.valid_login(AutomationScripts.java:70)
at java.base/java.util.ArrayList.forEach(ArrayList.java:1597)
... Removed 31 stack frames]]>
    </failure>
  </testcase> <!-- valid_login -->
</testsuite> <!-- FirebaseLoginTest -->
