<?xml version="1.0" encoding="UTF-8"?>
<testsuite xmlns:xsi="http://www.w3.org/2001/XMLSchema-instance" xsi:noNamespaceSchemaLocation="https://maven.apache.org/surefire/maven-surefire-plugin/xsd/surefire-test-report-3.0.xsd" version="3.0" name="com.automation.pages.runners.SimpleRunner" time="52.451" tests="2" errors="0" skipped="0" failures="1">
  <properties>
[...]
</properties>
  <testcase name="runScenario[&quot;Succesfull login&quot;, &quot;implementing login functionality&quot;](1)" classname="com.automation.pages.runners.SimpleRunner" time="32.718">
    <failure message="/ by zero" type="java.lang.ArithmeticException"><![CDATA[java.lang.ArithmeticException: / by zero
	at com.automation.stepDefinitions.FirebaseStepDefinition.i_should_be_able_to_see_homepage(FirebaseStepDefinition.java:140)
	at ✽.i should be able to see homepage(file:///C:/Users/arasu/eclipse-workspace/SeleniumFrameworkPOMCucumber/src/test/resources/features/firebase2.feature:12)
]]></failure>
    <system-out><![CDATA[
@smoke
Scenario: Succesfull login                            # src/test/resources/features/firebase2.feature:4
2024-11-08 18:53:16,192 INFO  FirebaseStepDefinition.java:63 - https://qa-tekarch.firebaseapp.com/is entered
  Given the url "https://qa-tekarch.firebaseapp.com/" # com.automation.stepDefinitions.FirebaseStepDefinition.the_url(java.lang.String)
  When i land in "LoginPage"                          # com.automation.stepDefinitions.FirebaseStepDefinition.i_land_in(java.lang.String)
2024-11-08 18:53:22,197 INFO  BasePage.java:303 - data is entered in the username filed
  When i enter the username as "admin123@gmail.com"   # com.automation.stepDefinitions.FirebaseStepDefinition.i_enter_the_username_as(java.lang.String)
2024-11-08 18:53:22,452 INFO  BasePage.java:303 - data is entered in the password filed
  And i enter the password as "admin123"              # com.automation.stepDefinitions.FirebaseStepDefinition.i_enter_the_password_as(java.lang.String)
2024-11-08 18:53:22,591 INFO  BasePage.java:316 - loginButton button is clicked
  When i click the login button                       # com.automation.stepDefinitions.FirebaseStepDefinition.i_click_the_login_button()
  When i land in "HomePage"                           # com.automation.stepDefinitions.FirebaseStepDefinition.i_land_in(java.lang.String)
  Then i should be able to see homepage               # com.automation.stepDefinitions.FirebaseStepDefinition.i_should_be_able_to_see_homepage()
      java.lang.ArithmeticException: / by zero
	at com.automation.stepDefinitions.FirebaseStepDefinition.i_should_be_able_to_see_homepage(FirebaseStepDefinition.java:140)
	at ✽.i should be able to see homepage(file:///C:/Users/arasu/eclipse-workspace/SeleniumFrameworkPOMCucumber/src/test/resources/features/firebase2.feature:12)


    Embedding Succesfull login [image/png 13866 bytes]

]]></system-out>
    <system-err><![CDATA[SLF4J(W): No SLF4J providers were found.
SLF4J(W): Defaulting to no-operation (NOP) logger implementation
SLF4J(W): See https://www.slf4j.org/codes.html#noProviders for further details.
Starting ChromeDriver 130.0.6723.116 (6ac35f94ae3d01152cf1946c896b0678e48f8ec4-refs/branch-heads/6723@{#1764}) on port 9619
Only local connections are allowed.
Please see https://chromedriver.chromium.org/security-considerations for suggestions on keeping ChromeDriver safe.
ChromeDriver was started successfully on port 9619.
Nov 08, 2024 6:53:06 PM org.openqa.selenium.remote.ProtocolHandshake createSession
INFO: Detected dialect: W3C
]]></system-err>
  </testcase>
  <testcase name="runScenario[&quot;unSuccesfull login&quot;, &quot;implementing login functionality&quot;](2)" classname="com.automation.pages.runners.SimpleRunner" time="16.97">
    <system-out><![CDATA[
@smoke @regression
Scenario: unSuccesfull login                                                                                         # src/test/resources/features/firebase2.feature:15
2024-11-08 18:53:33,743 INFO  FirebaseStepDefinition.java:63 - https://qa-tekarch.firebaseapp.com/is entered
  Given the url "https://qa-tekarch.firebaseapp.com/"                                                                # com.automation.stepDefinitions.FirebaseStepDefinition.the_url(java.lang.String)
  When i land in "LoginPage"                                                                                         # com.automation.stepDefinitions.FirebaseStepDefinition.i_land_in(java.lang.String)
2024-11-08 18:53:39,003 INFO  BasePage.java:303 - data is entered in the username filed
  When i enter the username as "admin123@gmail.com"                                                                  # com.automation.stepDefinitions.FirebaseStepDefinition.i_enter_the_username_as(java.lang.String)
2024-11-08 18:53:39,206 INFO  BasePage.java:303 - data is entered in the password filed
  And i enter the password as "xyz"                                                                                  # com.automation.stepDefinitions.FirebaseStepDefinition.i_enter_the_password_as(java.lang.String)
2024-11-08 18:53:39,345 INFO  BasePage.java:316 - loginButton button is clicked
  When i click the login button                                                                                      # com.automation.stepDefinitions.FirebaseStepDefinition.i_click_the_login_button()
2024-11-08 18:53:39,348 INFO  BasePage.java:642 - error loginalert boxwaiting for visibility for maximum of 30sec
2024-11-08 18:53:39,929 INFO  BasePage.java:519 - switched to an alert
2024-11-08 18:53:39,929 INFO  BasePage.java:525 - extracting text in the alert
2024-11-08 18:53:39,932 ERROR BasePage.java:527 -  text extracted from alert box is == Error : The password is invalid or the user does not have a password.
2024-11-08 18:53:39,940 INFO  BasePage.java:535 - Alert accepted
  Then i should be able to see error message "Error : The password is invalid or the user does not have a password." # com.automation.stepDefinitions.FirebaseStepDefinition.i_should_be_able_to_see_error_message(java.lang.String)
]]></system-out>
    <system-err><![CDATA[Starting ChromeDriver 130.0.6723.116 (6ac35f94ae3d01152cf1946c896b0678e48f8ec4-refs/branch-heads/6723@{#1764}) on port 34551
Only local connections are allowed.
Please see https://chromedriver.chromium.org/security-considerations for suggestions on keeping ChromeDriver safe.
ChromeDriver was started successfully on port 34551.
Nov 08, 2024 6:53:27 PM org.openqa.selenium.remote.ProtocolHandshake createSession
INFO: Detected dialect: W3C
]]></system-err>
  </testcase>
</testsuite>