<?xml version="1.0" encoding="UTF-8"?>
<testng-results ignored="0" total="2" passed="1" failed="1" skipped="0">
  <reporter-output>
  </reporter-output>
  <suite started-at="2024-11-08T18:52:52 GMT-05:00" name="Surefire suite" finished-at="2024-11-08T18:53:43 GMT-05:00" duration-ms="51298">
    <groups>
      <group name="cucumber">
        <method signature="AbstractTestNGCucumberTests.runScenario(io.cucumber.testng.PickleWrapper,io.cucumber.testng.FeatureWrapper)[pri:0, instance:com.automation.pages.runners.SimpleRunner@59505b48]" name="runScenario" class="io.cucumber.testng.AbstractTestNGCucumberTests"/>
      </group> <!-- cucumber -->
    </groups>
    <test started-at="2024-11-08T18:52:52 GMT-05:00" name="Surefire test" finished-at="2024-11-08T18:53:43 GMT-05:00" duration-ms="51298">
      <class name="com.automation.pages.runners.SimpleRunner">
        <test-method is-config="true" signature="setUpClass(org.testng.ITestContext)[pri:0, instance:com.automation.pages.runners.SimpleRunner@59505b48]" started-at="2024-11-08T18:52:52 GMT-05:00" name="setUpClass" finished-at="2024-11-08T18:52:53 GMT-05:00" duration-ms="1382" status="PASS">
          <params>
            <param index="0">
              <value>
                <![CDATA[org.testng.TestRunner@29bbc391]]>
              </value>
            </param>
          </params>
          <reporter-output>
          </reporter-output>
        </test-method> <!-- setUpClass -->
        <test-method signature="runScenario(io.cucumber.testng.PickleWrapper,io.cucumber.testng.FeatureWrapper)[pri:0, instance:com.automation.pages.runners.SimpleRunner@59505b48]" started-at="2024-11-08T18:52:53 GMT-05:00" name="runScenario" description="Runs Cucumber Scenarios" data-provider="scenarios" finished-at="2024-11-08T18:53:26 GMT-05:00" duration-ms="32712" status="FAIL">
          <params>
            <param index="0">
              <value>
                <![CDATA["Succesfull login"]]>
              </value>
            </param>
            <param index="1">
              <value>
                <![CDATA["implementing login functionality"]]>
              </value>
            </param>
          </params>
          <exception class="java.lang.ArithmeticException">
            <message>
              <![CDATA[/ by zero]]>
            </message>
            <full-stacktrace>
              <![CDATA[java.lang.ArithmeticException: / by zero
at com.automation.stepDefinitions.FirebaseStepDefinition.i_should_be_able_to_see_homepage(FirebaseStepDefinition.java:140)
at ✽.i should be able to see homepage(file:///C:/Users/arasu/eclipse-workspace/SeleniumFrameworkPOMCucumber/src/test/resources/features/firebase2.feature:12)
]]>
            </full-stacktrace>
          </exception> <!-- java.lang.ArithmeticException -->
          <reporter-output>
          </reporter-output>
        </test-method> <!-- runScenario -->
        <test-method signature="runScenario(io.cucumber.testng.PickleWrapper,io.cucumber.testng.FeatureWrapper)[pri:0, instance:com.automation.pages.runners.SimpleRunner@59505b48]" started-at="2024-11-08T18:53:26 GMT-05:00" name="runScenario" description="Runs Cucumber Scenarios" data-provider="scenarios" finished-at="2024-11-08T18:53:43 GMT-05:00" duration-ms="16983" status="PASS">
          <params>
            <param index="0">
              <value>
                <![CDATA["unSuccesfull login"]]>
              </value>
            </param>
            <param index="1">
              <value>
                <![CDATA["implementing login functionality"]]>
              </value>
            </param>
          </params>
          <reporter-output>
          </reporter-output>
        </test-method> <!-- runScenario -->
        <test-method is-config="true" signature="tearDownClass()[pri:0, instance:com.automation.pages.runners.SimpleRunner@59505b48]" started-at="2024-11-08T18:53:43 GMT-05:00" name="tearDownClass" finished-at="2024-11-08T18:53:43 GMT-05:00" duration-ms="118" status="PASS">
          <reporter-output>
          </reporter-output>
        </test-method> <!-- tearDownClass -->
      </class> <!-- com.automation.pages.runners.SimpleRunner -->
    </test> <!-- Surefire test -->
  </suite> <!-- Surefire suite -->
</testng-results>
