<?xml version="1.0" encoding="UTF-8"?>
<!-- Generated by org.testng.reporters.JUnitReportReporter -->
<testsuite hostname="LAPTOP-I7B9QOJ6" failures="0" tests="2" name="com.automation.pages.runners.SimpleRunner" time="49.695" errors="1" timestamp="2024-11-08T18:53:43 GMT-05:00" skipped="0">
  <testcase classname="com.automation.pages.runners.SimpleRunner" name="runScenario" time="16.983"/>
  <testcase classname="com.automation.pages.runners.SimpleRunner" name="runScenario" time="32.712">
    <error message="/ by zero" type="java.lang.ArithmeticException">
      <![CDATA[java.lang.ArithmeticException: / by zero
at com.automation.stepDefinitions.FirebaseStepDefinition.i_should_be_able_to_see_homepage(FirebaseStepDefinition.java:140)
at ✽.i should be able to see homepage(file:///C:/Users/arasu/eclipse-workspace/SeleniumFrameworkPOMCucumber/src/test/resources/features/firebase2.feature:12)
]]>
    </error>
  </testcase> <!-- runScenario -->
</testsuite> <!-- com.automation.pages.runners.SimpleRunner -->
